{
  "stats": {
    "suites": 1,
    "tests": 3,
    "passes": 3,
    "pending": 0,
    "failures": 0,
    "start": "2026-05-04T03:15:32.734Z",
    "end": "2026-05-04T03:15:42.281Z",
    "duration": 9547,
    "testsRegistered": 3,
    "passPercent": 100,
    "pendingPercent": 0,
    "other": 0,
    "hasOther": false,
    "skipped": 0,
    "hasSkipped": false
  },
  "results": [
    {
      "uuid": "2c7a7eb9-d927-4b9d-84e3-d77293240035",
      "title": "",
      "fullFile": "cypress\\e2e\\login.cy.ts",
      "file": "cypress\\e2e\\login.cy.ts",
      "beforeHooks": [],
      "afterHooks": [],
      "tests": [],
      "suites": [
        {
          "uuid": "2d468936-0c9d-42c0-b7fd-69bfb65d123b",
          "title": "SauceDemo - Login",
          "fullFile": "",
          "file": "",
          "beforeHooks": [],
          "afterHooks": [],
          "tests": [
            {
              "title": "logs in successfully with a valid user",
              "fullTitle": "SauceDemo - Login logs in successfully with a valid user",
              "timedOut": null,
              "duration": 7634,
              "state": "passed",
              "speed": "medium",
              "pass": true,
              "fail": false,
              "pending": false,
              "context": null,
              "code": "cy.loginBySession(users.validUser);\ncy.visit(constants_1.Routes.inventory, { failOnStatusCode: false });\ncy.url().should('include', constants_1.Routes.inventory);",
              "err": {},
              "uuid": "7cd09f9e-84f6-49c1-aa25-1d3ced488d96",
              "parentUUID": "2d468936-0c9d-42c0-b7fd-69bfb65d123b",
              "isHook": false,
              "skipped": false
            },
            {
              "title": "shows an error for invalid credentials",
              "fullTitle": "SauceDemo - Login shows an error for invalid credentials",
              "timedOut": null,
              "duration": 879,
              "state": "passed",
              "speed": "fast",
              "pass": true,
              "fail": false,
              "pending": false,
              "context": null,
              "code": "cy.login(users.invalidUser);\nLoginPage_1.default.expectErrorContains(constants_1.LoginErrors.invalidCredentials);",
              "err": {},
              "uuid": "1b2af917-2265-49af-9e89-ade2c1826f52",
              "parentUUID": "2d468936-0c9d-42c0-b7fd-69bfb65d123b",
              "isHook": false,
              "skipped": false
            },
            {
              "title": "shows an error for a locked-out user",
              "fullTitle": "SauceDemo - Login shows an error for a locked-out user",
              "timedOut": null,
              "duration": 944,
              "state": "passed",
              "speed": "fast",
              "pass": true,
              "fail": false,
              "pending": false,
              "context": null,
              "code": "cy.login(users.lockedUser);\nLoginPage_1.default.expectErrorContains(constants_1.LoginErrors.lockedOut);",
              "err": {},
              "uuid": "0831ed5f-91c6-49d3-8aad-80780e626b56",
              "parentUUID": "2d468936-0c9d-42c0-b7fd-69bfb65d123b",
              "isHook": false,
              "skipped": false
            }
          ],
          "suites": [],
          "passes": [
            "7cd09f9e-84f6-49c1-aa25-1d3ced488d96",
            "1b2af917-2265-49af-9e89-ade2c1826f52",
            "0831ed5f-91c6-49d3-8aad-80780e626b56"
          ],
          "failures": [],
          "pending": [],
          "skipped": [],
          "duration": 9457,
          "root": false,
          "rootEmpty": false,
          "_timeout": 2000
        }
      ],
      "passes": [],
      "failures": [],
      "pending": [],
      "skipped": [],
      "duration": 0,
      "root": true,
      "rootEmpty": true,
      "_timeout": 2000
    }
  ],
  "meta": {
    "mocha": {
      "version": "7.2.0"
    },
    "mochawesome": {
      "options": {
        "quiet": false,
        "reportFilename": "mochawesome",
        "saveHtml": true,
        "saveJson": true,
        "consoleReporter": "spec",
        "useInlineDiffs": false,
        "code": true
      },
      "version": "7.1.3"
    },
    "marge": {
      "options": {
        "reportPageTitle": "SauceDemo | dev | Build local | local @ local",
        "reportDir": "reports/mochawesome",
        "overwrite": false,
        "html": true,
        "json": true,
        "charts": true
      },
      "version": "6.2.0"
    }
  }
}